Using pre-set license
Built from '2020.3/staging' branch; Version is '2020.3.28f1 (f5400f52e03f) revision 16072719'; Using compiler version '192528614'; Build Type 'Release'
OS: 'Windows 10  (10.0.19043) 64bit Professional' Language: 'ko' Physical Memory: 16266 MB
BatchMode: 1, IsHumanControllingUs: 0, StartBugReporterOnCrash: 0, Is64bit: 1, IsPro: 0

COMMAND LINE ARGUMENTS:
C:\Program Files\Unity\Hub\Editor\2020.3.28f1\Editor\Unity.exe
-adb2
-batchMode
-noUpm
-name
AssetImportWorker0
-projectPath
D:/unity/Github/HungryJimmy0710/HungryJimmy0710
-logFile
Logs/AssetImportWorker0.log
-srvPort
60946
Successfully changed project path to: D:/unity/Github/HungryJimmy0710/HungryJimmy0710
D:/unity/Github/HungryJimmy0710/HungryJimmy0710
Using Asset Import Pipeline V2.
Refreshing native plugins compatible for Editor in 62.62 ms, found 2 plugins.
Preloading 0 native plugins for Editor in 0.00 ms.
Initialize engine version: 2020.3.28f1 (f5400f52e03f)
[Subsystems] Discovering subsystems at path C:/Program Files/Unity/Hub/Editor/2020.3.28f1/Editor/Data/Resources/UnitySubsystems
[Subsystems] Discovering subsystems at path D:/unity/Github/HungryJimmy0710/HungryJimmy0710/Assets
GfxDevice: creating device client; threaded=0
Direct3D:
    Version:  Direct3D 11.0 [level 11.1]
    Renderer: NVIDIA GeForce GTX 1060 3GB (ID=0x1c02)
    Vendor:   
    VRAM:     2988 MB
    Driver:   27.21.14.5671
Shader 'Custom/RainShader': fallback shader 'Particles/Alpha Blended' not found
Initialize mono
Mono path[0] = 'C:/Program Files/Unity/Hub/Editor/2020.3.28f1/Editor/Data/Managed'
Mono path[1] = 'C:/Program Files/Unity/Hub/Editor/2020.3.28f1/Editor/Data/MonoBleedingEdge/lib/mono/unityjit'
Mono config path = 'C:/Program Files/Unity/Hub/Editor/2020.3.28f1/Editor/Data/MonoBleedingEdge/etc'
Using monoOptions --debugger-agent=transport=dt_socket,embedding=1,server=y,suspend=n,address=127.0.0.1:56804
Begin MonoManager ReloadAssembly
Registering precompiled unity dll's ...
Register platform support module: C:/Program Files/Unity/Hub/Editor/2020.3.28f1/Editor/Data/PlaybackEngines/WebGLSupport/UnityEditor.WebGL.Extensions.dll
Register platform support module: C:/Program Files/Unity/Hub/Editor/2020.3.28f1/Editor/Data/PlaybackEngines/WindowsStandaloneSupport/UnityEditor.WindowsStandalone.Extensions.dll
Registered in 0.002675 seconds.
Native extension for WindowsStandalone target not found
Native extension for WebGL target not found
Refreshing native plugins compatible for Editor in 60.53 ms, found 2 plugins.
Preloading 0 native plugins for Editor in 0.00 ms.
Mono: successfully reloaded assembly
- Completed reload, in  0.714 seconds
Domain Reload Profiling:
	ReloadAssembly (715ms)
		BeginReloadAssembly (83ms)
			ExecutionOrderSort (0ms)
			DisableScriptedObjects (0ms)
			BackupInstance (0ms)
			ReleaseScriptingObjects (0ms)
			CreateAndSetChildDomain (1ms)
		EndReloadAssembly (551ms)
			LoadAssemblies (80ms)
			RebuildTransferFunctionScriptingTraits (0ms)
			SetupTypeCache (180ms)
			ReleaseScriptCaches (0ms)
			RebuildScriptCaches (41ms)
			SetupLoadedEditorAssemblies (201ms)
				LogAssemblyErrors (0ms)
				InitializePlatformSupportModulesInManaged (6ms)
				SetLoadedEditorAssemblies (0ms)
				RefreshPlugins (61ms)
				BeforeProcessingInitializeOnLoad (15ms)
				ProcessInitializeOnLoadAttributes (90ms)
				ProcessInitializeOnLoadMethodAttributes (29ms)
				AfterProcessingInitializeOnLoad (0ms)
				EditorAssembliesLoaded (0ms)
			ExecutionOrderSort2 (0ms)
			AwakeInstancesAfterBackupRestoration (0ms)
Platform modules already initialized, skipping
Registering precompiled user dll's ...
Registered in 0.003741 seconds.
Begin MonoManager ReloadAssembly
Native extension for WindowsStandalone target not found
Native extension for WebGL target not found
Refreshing native plugins compatible for Editor in 0.58 ms, found 2 plugins.
Preloading 0 native plugins for Editor in 0.00 ms.
Mono: successfully reloaded assembly
- Completed reload, in  1.139 seconds
Domain Reload Profiling:
	ReloadAssembly (1139ms)
		BeginReloadAssembly (170ms)
			ExecutionOrderSort (0ms)
			DisableScriptedObjects (5ms)
			BackupInstance (0ms)
			ReleaseScriptingObjects (0ms)
			CreateAndSetChildDomain (20ms)
		EndReloadAssembly (903ms)
			LoadAssemblies (103ms)
			RebuildTransferFunctionScriptingTraits (0ms)
			SetupTypeCache (308ms)
			ReleaseScriptCaches (0ms)
			RebuildScriptCaches (54ms)
			SetupLoadedEditorAssemblies (342ms)
				LogAssemblyErrors (0ms)
				InitializePlatformSupportModulesInManaged (6ms)
				SetLoadedEditorAssemblies (1ms)
				RefreshPlugins (1ms)
				BeforeProcessingInitializeOnLoad (101ms)
				ProcessInitializeOnLoadAttributes (216ms)
				ProcessInitializeOnLoadMethodAttributes (10ms)
				AfterProcessingInitializeOnLoad (7ms)
				EditorAssembliesLoaded (0ms)
			ExecutionOrderSort2 (0ms)
			AwakeInstancesAfterBackupRestoration (7ms)
Platform modules already initialized, skipping
========================================================================
Worker process is ready to serve import requests
Shader 'Custom/RainShader': fallback shader 'Particles/Alpha Blended' not found
Launched and connected shader compiler UnityShaderCompiler.exe after 0.05 seconds
Refreshing native plugins compatible for Editor in 0.57 ms, found 2 plugins.
Preloading 0 native plugins for Editor in 0.00 ms.
Unloading 1620 Unused Serialized files (Serialized files now loaded: 0)
System memory in use before: 79.2 MB.
System memory in use after: 79.3 MB.

Unloading 20 unused Assets to reduce memory usage. Loaded Objects now: 2058.
Total: 2.568100 ms (FindLiveObjects: 0.126100 ms CreateObjectMapping: 0.058100 ms MarkObjects: 2.319100 ms  DeleteObjects: 0.064100 ms)

AssetImportParameters requested are different than current active one (requested -> active):
  custom:framework-win-MediaFoundation: 216162199b28c13a410421893ffa2e32 -> 
  custom:video-decoder-ogg-theora: a1e56fd34408186e4bbccfd4996cb3dc -> 
  custom:container-muxer-webm: aa71ff27fc2769a1b78a27578f13a17b -> 
  custom:container-demuxer-webm: 4f35f7cbe854078d1ac9338744f61a02 -> 
  custom:container-demuxer-ogg: 62fdf1f143b41e24485cea50d1cbac27 -> 
  custom:video-encoder-webm-vp8: eb34c28f22e8b96e1ab97ce403110664 -> 
  custom:video-decoder-webm-vp8: 9c59270c3fd7afecdb556c50c9e8de78 -> 
  custom:audio-decoder-ogg-vorbis: bf7c407c2cedff20999df2af8eb42d56 -> 
  custom:audio-encoder-webm-vorbis: bf7c407c2cedff20999df2af8eb42d56 -> 
========================================================================
Received Import Request.
  path: Assets/01.Scripts/ItemSpawner.cs
  artifactKey: Guid(41d377bb03ed905478f79df7e074e59a) Importer(815301076,1909f56bfc062723c751e8b465ee728b)
Start importing Assets/01.Scripts/ItemSpawner.cs using Guid(41d377bb03ed905478f79df7e074e59a) Importer(815301076,1909f56bfc062723c751e8b465ee728b)  -> (artifact id: 'a8e482a4dd7f6cf2d15b620f465cf368') in 0.054978 seconds 
  Import took 0.057674 seconds .

========================================================================
Received Prepare
Registering precompiled user dll's ...
Registered in 0.003545 seconds.
Begin MonoManager ReloadAssembly
Native extension for WindowsStandalone target not found
Native extension for WebGL target not found
Refreshing native plugins compatible for Editor in 0.58 ms, found 2 plugins.
Preloading 0 native plugins for Editor in 0.00 ms.
Mono: successfully reloaded assembly
- Completed reload, in  1.050 seconds
Domain Reload Profiling:
	ReloadAssembly (1051ms)
		BeginReloadAssembly (127ms)
			ExecutionOrderSort (0ms)
			DisableScriptedObjects (7ms)
			BackupInstance (0ms)
			ReleaseScriptingObjects (0ms)
			CreateAndSetChildDomain (38ms)
		EndReloadAssembly (860ms)
			LoadAssemblies (97ms)
			RebuildTransferFunctionScriptingTraits (0ms)
			SetupTypeCache (294ms)
			ReleaseScriptCaches (1ms)
			RebuildScriptCaches (46ms)
			SetupLoadedEditorAssemblies (314ms)
				LogAssemblyErrors (0ms)
				InitializePlatformSupportModulesInManaged (6ms)
				SetLoadedEditorAssemblies (1ms)
				RefreshPlugins (1ms)
				BeforeProcessingInitializeOnLoad (98ms)
				ProcessInitializeOnLoadAttributes (193ms)
				ProcessInitializeOnLoadMethodAttributes (9ms)
				AfterProcessingInitializeOnLoad (7ms)
				EditorAssembliesLoaded (0ms)
			ExecutionOrderSort2 (0ms)
			AwakeInstancesAfterBackupRestoration (7ms)
Platform modules already initialized, skipping
Switching build target platform(19) subTarget(0) extendedPlatform(0) -> platform(13) subTarget(537395200) extendedPlatform(0)
Shader 'Custom/RainShader': fallback shader 'Particles/Alpha Blended' not found
Refreshing native plugins compatible for Editor in 0.63 ms, found 2 plugins.
Preloading 0 native plugins for Editor in 0.00 ms.
Unloading 1602 Unused Serialized files (Serialized files now loaded: 0)
System memory in use before: 77.2 MB.
System memory in use after: 77.3 MB.

Unloading 15 unused Assets to reduce memory usage. Loaded Objects now: 2060.
Total: 2.480100 ms (FindLiveObjects: 0.130300 ms CreateObjectMapping: 0.058000 ms MarkObjects: 2.272600 ms  DeleteObjects: 0.018300 ms)

AssetImportParameters requested are different than current active one (requested -> active):
  custom:framework-win-MediaFoundation: 216162199b28c13a410421893ffa2e32 -> 
  custom:video-decoder-ogg-theora: a1e56fd34408186e4bbccfd4996cb3dc -> 
  custom:container-muxer-webm: aa71ff27fc2769a1b78a27578f13a17b -> 
  custom:container-demuxer-webm: 4f35f7cbe854078d1ac9338744f61a02 -> 
  custom:container-demuxer-ogg: 62fdf1f143b41e24485cea50d1cbac27 -> 
  custom:video-encoder-webm-vp8: eb34c28f22e8b96e1ab97ce403110664 -> 
  custom:video-decoder-webm-vp8: 9c59270c3fd7afecdb556c50c9e8de78 -> 
  custom:graphics/normal-map-encoding: 01000000000000000000000000000000 -> 02000000000000000000000000000000
  custom:audio-decoder-ogg-vorbis: bf7c407c2cedff20999df2af8eb42d56 -> 
  custom:audio-encoder-webm-vorbis: bf7c407c2cedff20999df2af8eb42d56 -> 
========================================================================
Received Import Request.
  Time since last request: 3.519862 seconds.
  path: Assets/01.Scripts/HealthManager.cs
  artifactKey: Guid(4f34856b0d4b6414886d4438982f7b07) Importer(815301076,1909f56bfc062723c751e8b465ee728b)
Start importing Assets/01.Scripts/HealthManager.cs using Guid(4f34856b0d4b6414886d4438982f7b07) Importer(815301076,1909f56bfc062723c751e8b465ee728b)  -> (artifact id: 'f058729a1dec40bf4422a87cf4998f0a') in 0.007857 seconds 
  Import took 0.010531 seconds .

========================================================================
Received Prepare
Registering precompiled user dll's ...
Registered in 0.003606 seconds.
Begin MonoManager ReloadAssembly
Native extension for WindowsStandalone target not found
Native extension for WebGL target not found
Refreshing native plugins compatible for Editor in 0.59 ms, found 2 plugins.
Preloading 0 native plugins for Editor in 0.00 ms.
Mono: successfully reloaded assembly
- Completed reload, in  1.084 seconds
Domain Reload Profiling:
	ReloadAssembly (1085ms)
		BeginReloadAssembly (123ms)
			ExecutionOrderSort (0ms)
			DisableScriptedObjects (5ms)
			BackupInstance (0ms)
			ReleaseScriptingObjects (0ms)
			CreateAndSetChildDomain (36ms)
		EndReloadAssembly (898ms)
			LoadAssemblies (100ms)
			RebuildTransferFunctionScriptingTraits (0ms)
			SetupTypeCache (328ms)
			ReleaseScriptCaches (1ms)
			RebuildScriptCaches (47ms)
			SetupLoadedEditorAssemblies (315ms)
				LogAssemblyErrors (0ms)
				InitializePlatformSupportModulesInManaged (6ms)
				SetLoadedEditorAssemblies (1ms)
				RefreshPlugins (1ms)
				BeforeProcessingInitializeOnLoad (95ms)
				ProcessInitializeOnLoadAttributes (197ms)
				ProcessInitializeOnLoadMethodAttributes (9ms)
				AfterProcessingInitializeOnLoad (7ms)
				EditorAssembliesLoaded (0ms)
			ExecutionOrderSort2 (0ms)
			AwakeInstancesAfterBackupRestoration (7ms)
Platform modules already initialized, skipping
Switching build target platform(19) subTarget(0) extendedPlatform(0) -> platform(13) subTarget(537395200) extendedPlatform(0)
Shader 'Custom/RainShader': fallback shader 'Particles/Alpha Blended' not found
Refreshing native plugins compatible for Editor in 0.59 ms, found 2 plugins.
Preloading 0 native plugins for Editor in 0.00 ms.
Unloading 1602 Unused Serialized files (Serialized files now loaded: 0)
System memory in use before: 77.2 MB.
System memory in use after: 77.4 MB.

Unloading 15 unused Assets to reduce memory usage. Loaded Objects now: 2062.
Total: 2.499400 ms (FindLiveObjects: 0.126900 ms CreateObjectMapping: 0.053700 ms MarkObjects: 2.300000 ms  DeleteObjects: 0.018200 ms)

AssetImportParameters requested are different than current active one (requested -> active):
  custom:framework-win-MediaFoundation: 216162199b28c13a410421893ffa2e32 -> 
  custom:video-decoder-ogg-theora: a1e56fd34408186e4bbccfd4996cb3dc -> 
  custom:container-muxer-webm: aa71ff27fc2769a1b78a27578f13a17b -> 
  custom:container-demuxer-webm: 4f35f7cbe854078d1ac9338744f61a02 -> 
  custom:container-demuxer-ogg: 62fdf1f143b41e24485cea50d1cbac27 -> 
  custom:video-encoder-webm-vp8: eb34c28f22e8b96e1ab97ce403110664 -> 
  custom:video-decoder-webm-vp8: 9c59270c3fd7afecdb556c50c9e8de78 -> 
  custom:graphics/normal-map-encoding: 01000000000000000000000000000000 -> 02000000000000000000000000000000
  custom:audio-decoder-ogg-vorbis: bf7c407c2cedff20999df2af8eb42d56 -> 
  custom:audio-encoder-webm-vorbis: bf7c407c2cedff20999df2af8eb42d56 -> 
========================================================================
Received Import Request.
  Time since last request: 2987.385846 seconds.
  path: Assets/Rain and Rgame/RyGameFolder/Image/StoneBtn/rightstone.png
  artifactKey: Guid(b8358c87a95964b4d8b1f51fb5f66ddc) Importer(815301076,1909f56bfc062723c751e8b465ee728b)
Start importing Assets/Rain and Rgame/RyGameFolder/Image/StoneBtn/rightstone.png using Guid(b8358c87a95964b4d8b1f51fb5f66ddc) Importer(815301076,1909f56bfc062723c751e8b465ee728b)  -> (artifact id: 'ae5e09ab4aee0a92bdf477cba038bb34') in 0.132601 seconds 
  Import took 0.136435 seconds .

========================================================================
Received Import Request.
  Time since last request: 8.817455 seconds.
  path: Assets/03.Download Package/Off Axis Studios/OriginMainMap/Prefabs/Standard/Buildings/Prop_Flooring_Cobble_Stone_01.prefab
  artifactKey: Guid(f9451d619b5d47240b53ee988728bffc) Importer(815301076,1909f56bfc062723c751e8b465ee728b)
Start importing Assets/03.Download Package/Off Axis Studios/OriginMainMap/Prefabs/Standard/Buildings/Prop_Flooring_Cobble_Stone_01.prefab using Guid(f9451d619b5d47240b53ee988728bffc) Importer(815301076,1909f56bfc062723c751e8b465ee728b)  -> (artifact id: '1f720a3816215d44985dd478d073ea89') in 0.040370 seconds 
  Import took 0.043556 seconds .

========================================================================
Received Import Request.
  Time since last request: 2.109872 seconds.
  path: Assets/03.Download Package/Off Axis Studios/OriginMainMap/Prefabs/Standard/Buildings/Prop_Archway_Stone_Castle_Dungeon_01.prefab
  artifactKey: Guid(2839d5b7da4e664408571fe3ea27e85a) Importer(815301076,1909f56bfc062723c751e8b465ee728b)
Start importing Assets/03.Download Package/Off Axis Studios/OriginMainMap/Prefabs/Standard/Buildings/Prop_Archway_Stone_Castle_Dungeon_01.prefab using Guid(2839d5b7da4e664408571fe3ea27e85a) Importer(815301076,1909f56bfc062723c751e8b465ee728b)  -> (artifact id: '574b229abd150ac8b66c7ab33f1c8fe7') in 0.012472 seconds 
  Import took 0.015328 seconds .

========================================================================
Received Import Request.
  Time since last request: 0.598847 seconds.
  path: Assets/03.Download Package/Off Axis Studios/OriginMainMap/Meshes/Buildings/Prop_Archway_Stone_Castle_Dungeon_01.fbx
  artifactKey: Guid(ee460c960bc9ad648a81ae36403f0180) Importer(815301076,1909f56bfc062723c751e8b465ee728b)
Start importing Assets/03.Download Package/Off Axis Studios/OriginMainMap/Meshes/Buildings/Prop_Archway_Stone_Castle_Dungeon_01.fbx using Guid(ee460c960bc9ad648a81ae36403f0180) Importer(815301076,1909f56bfc062723c751e8b465ee728b)  -> (artifact id: '237a7ef55cc3999f973a6cc015e38f65') in 0.051009 seconds 
  Import took 0.053960 seconds .

========================================================================
Received Import Request.
  Time since last request: 26.893631 seconds.
  path: Assets/06.Prefabs/Rock.prefab
  artifactKey: Guid(24babab3283fdee41ba1fbc407e02047) Importer(815301076,1909f56bfc062723c751e8b465ee728b)
Start importing Assets/06.Prefabs/Rock.prefab using Guid(24babab3283fdee41ba1fbc407e02047) Importer(815301076,1909f56bfc062723c751e8b465ee728b)  -> (artifact id: '93bab683bc87663111a687381fce95ed') in 0.015440 seconds 
  Import took 0.018576 seconds .

========================================================================
Received Import Request.
  Time since last request: 1.287748 seconds.
  path: Assets/06.Prefabs/Environment/Rock.prefab
  artifactKey: Guid(defe6adf48c91bc4b906e37d1f27988a) Importer(815301076,1909f56bfc062723c751e8b465ee728b)
Start importing Assets/06.Prefabs/Environment/Rock.prefab using Guid(defe6adf48c91bc4b906e37d1f27988a) Importer(815301076,1909f56bfc062723c751e8b465ee728b)  -> (artifact id: 'd33a2278a47b167c1d24996df39e1b68') in 0.016229 seconds 
  Import took 0.019395 seconds .

========================================================================
Received Import Request.
  Time since last request: 3.247417 seconds.
  path: Assets/03.Download Package/3D Model/Rock.fbx
  artifactKey: Guid(10168b7a994d86e4da6c12d33161a3ab) Importer(815301076,1909f56bfc062723c751e8b465ee728b)
Start importing Assets/03.Download Package/3D Model/Rock.fbx using Guid(10168b7a994d86e4da6c12d33161a3ab) Importer(815301076,1909f56bfc062723c751e8b465ee728b)  -> (artifact id: '2fb5280f5e444541a13f5f1eeb8d5faa') in 0.036147 seconds 
  Import took 0.039153 seconds .

========================================================================
Received Import Request.
  Time since last request: 1.119163 seconds.
  path: Assets/06.Prefabs/LevelArt/rock 1.prefab
  artifactKey: Guid(bc485b7fc3e03994cae6d68f91fd4ad8) Importer(815301076,1909f56bfc062723c751e8b465ee728b)
Start importing Assets/06.Prefabs/LevelArt/rock 1.prefab using Guid(bc485b7fc3e03994cae6d68f91fd4ad8) Importer(815301076,1909f56bfc062723c751e8b465ee728b)  -> (artifact id: '033777fd7cc261876b695d93395b0cd2') in 0.019997 seconds 
  Import took 0.023108 seconds .

========================================================================
Received Import Request.
  Time since last request: 0.593136 seconds.
  path: Assets/06.Prefabs/LevelArt/rock 2.prefab
  artifactKey: Guid(d5ecfedc8dad86844b0c4cb72115f083) Importer(815301076,1909f56bfc062723c751e8b465ee728b)
Start importing Assets/06.Prefabs/LevelArt/rock 2.prefab using Guid(d5ecfedc8dad86844b0c4cb72115f083) Importer(815301076,1909f56bfc062723c751e8b465ee728b)  -> (artifact id: '871ac89baa2e8348cee27a7632888f78') in 0.019220 seconds 
  Import took 0.022152 seconds .

========================================================================
Received Import Request.
  Time since last request: 0.456882 seconds.
  path: Assets/06.Prefabs/LevelArt/rock3.prefab
  artifactKey: Guid(e0d6bd7aa5a728241b72bfb576a1da95) Importer(815301076,1909f56bfc062723c751e8b465ee728b)
Start importing Assets/06.Prefabs/LevelArt/rock3.prefab using Guid(e0d6bd7aa5a728241b72bfb576a1da95) Importer(815301076,1909f56bfc062723c751e8b465ee728b)  -> (artifact id: 'aae8754f54c56a021548e7f912204fe8') in 0.017637 seconds 
  Import took 0.020963 seconds .

========================================================================
Received Import Request.
  Time since last request: 4.079278 seconds.
  path: Assets/03.Download Package/Off Axis Studios/OriginMainMap/Meshes/Rocks/Rock_Geometric_Square_14.fbx
  artifactKey: Guid(44d4708f395ff4442b9ddf26953970a1) Importer(815301076,1909f56bfc062723c751e8b465ee728b)
Start importing Assets/03.Download Package/Off Axis Studios/OriginMainMap/Meshes/Rocks/Rock_Geometric_Square_14.fbx using Guid(44d4708f395ff4442b9ddf26953970a1) Importer(815301076,1909f56bfc062723c751e8b465ee728b)  -> (artifact id: '0d684ccc8749eed3102c28cabf2edb17') in 0.022103 seconds 
  Import took 0.025008 seconds .

========================================================================
Received Import Request.
  Time since last request: 0.666773 seconds.
  path: Assets/06.Prefabs/LevelArt/rock4.prefab
  artifactKey: Guid(de28e96bf6cf84040b48f53f5d150541) Importer(815301076,1909f56bfc062723c751e8b465ee728b)
Start importing Assets/06.Prefabs/LevelArt/rock4.prefab using Guid(de28e96bf6cf84040b48f53f5d150541) Importer(815301076,1909f56bfc062723c751e8b465ee728b)  -> (artifact id: '3b56ef562499e069c8e104a99d44e82b') in 0.013164 seconds 
  Import took 0.016253 seconds .

========================================================================
Received Import Request.
  Time since last request: 478.866392 seconds.
  path: Assets/00.Scenes/GameStage.unity
  artifactKey: Guid(9fc0d4010bbf28b4594072e72b8655ab) Importer(815301076,1909f56bfc062723c751e8b465ee728b)
Start importing Assets/00.Scenes/GameStage.unity using Guid(9fc0d4010bbf28b4594072e72b8655ab) Importer(815301076,1909f56bfc062723c751e8b465ee728b)  -> (artifact id: 'e2c7f905aabbe69fa9b0ada87e505cd3') in 0.008991 seconds 
  Import took 0.013068 seconds .

========================================================================
Received Import Request.
  Time since last request: 1363.815779 seconds.
  path: Assets/01.Scripts/FoodOnFire.cs
  artifactKey: Guid(2f8a3db46e94d5142ae72c40b818d941) Importer(815301076,1909f56bfc062723c751e8b465ee728b)
Start importing Assets/01.Scripts/FoodOnFire.cs using Guid(2f8a3db46e94d5142ae72c40b818d941) Importer(815301076,1909f56bfc062723c751e8b465ee728b)  -> (artifact id: 'ba7158ed8100fcc0216faf29e8612c36') in 0.006426 seconds 
  Import took 0.010587 seconds .

========================================================================
Received Import Request.
  Time since last request: 1715.532779 seconds.
  path: Assets/Rain and Rgame/RyGameFolder/ChanteyRain_1.mp3
  artifactKey: Guid(38691ff55802d3247bd23b03ae474076) Importer(815301076,1909f56bfc062723c751e8b465ee728b)
Start importing Assets/Rain and Rgame/RyGameFolder/ChanteyRain_1.mp3 using Guid(38691ff55802d3247bd23b03ae474076) Importer(815301076,1909f56bfc062723c751e8b465ee728b)  -> (artifact id: 'f78b5cdf0c11b18ffc2167930bce4682') in 0.072527 seconds 
  Import took 0.076334 seconds .

========================================================================
Received Import Request.
  Time since last request: 3.510435 seconds.
  path: Assets/Rain and Rgame/RyGameFolder/GamesPlusJames - Rhythm Tutorial.wav
  artifactKey: Guid(e3903f052f6e1c84385cd598b244e788) Importer(815301076,1909f56bfc062723c751e8b465ee728b)
Start importing Assets/Rain and Rgame/RyGameFolder/GamesPlusJames - Rhythm Tutorial.wav using Guid(e3903f052f6e1c84385cd598b244e788) Importer(815301076,1909f56bfc062723c751e8b465ee728b)  -> (artifact id: '74826b297514b7e3093532fffdddd6b6') in 0.014256 seconds 
  Import took 0.017554 seconds .

========================================================================
Received Import Request.
  Time since last request: 3.103587 seconds.
  path: Assets/Rain and Rgame/RyGameFolder/ChanteyRain_Master.wav
  artifactKey: Guid(76cb34244a903454183c1ef54f644f92) Importer(815301076,1909f56bfc062723c751e8b465ee728b)
Start importing Assets/Rain and Rgame/RyGameFolder/ChanteyRain_Master.wav using Guid(76cb34244a903454183c1ef54f644f92) Importer(815301076,1909f56bfc062723c751e8b465ee728b)  -> (artifact id: 'c1638255fb494788e19be67e2e3a1b8b') in 0.011818 seconds 
  Import took 0.014718 seconds .

========================================================================
Received Prepare
Registering precompiled user dll's ...
Registered in 0.003679 seconds.
Begin MonoManager ReloadAssembly
Native extension for WindowsStandalone target not found
Native extension for WebGL target not found
Refreshing native plugins compatible for Editor in 0.60 ms, found 2 plugins.
Preloading 0 native plugins for Editor in 0.00 ms.
Mono: successfully reloaded assembly
- Completed reload, in  1.158 seconds
Domain Reload Profiling:
	ReloadAssembly (1159ms)
		BeginReloadAssembly (229ms)
			ExecutionOrderSort (0ms)
			DisableScriptedObjects (11ms)
			BackupInstance (0ms)
			ReleaseScriptingObjects (0ms)
			CreateAndSetChildDomain (108ms)
		EndReloadAssembly (864ms)
			LoadAssemblies (116ms)
			RebuildTransferFunctionScriptingTraits (0ms)
			SetupTypeCache (292ms)
			ReleaseScriptCaches (1ms)
			RebuildScriptCaches (45ms)
			SetupLoadedEditorAssemblies (309ms)
				LogAssemblyErrors (0ms)
				InitializePlatformSupportModulesInManaged (6ms)
				SetLoadedEditorAssemblies (1ms)
				RefreshPlugins (1ms)
				BeforeProcessingInitializeOnLoad (94ms)
				ProcessInitializeOnLoadAttributes (190ms)
				ProcessInitializeOnLoadMethodAttributes (9ms)
				AfterProcessingInitializeOnLoad (8ms)
				EditorAssembliesLoaded (0ms)
			ExecutionOrderSort2 (0ms)
			AwakeInstancesAfterBackupRestoration (8ms)
Platform modules already initialized, skipping
Switching build target platform(19) subTarget(0) extendedPlatform(0) -> platform(13) subTarget(537395200) extendedPlatform(0)
Shader 'Custom/RainShader': fallback shader 'Particles/Alpha Blended' not found
Refreshing native plugins compatible for Editor in 0.59 ms, found 2 plugins.
Preloading 0 native plugins for Editor in 0.00 ms.
Unloading 1602 Unused Serialized files (Serialized files now loaded: 0)
System memory in use before: 80.9 MB.
System memory in use after: 81.0 MB.

Unloading 15 unused Assets to reduce memory usage. Loaded Objects now: 2112.
Total: 2.605500 ms (FindLiveObjects: 0.137300 ms CreateObjectMapping: 0.062900 ms MarkObjects: 2.386200 ms  DeleteObjects: 0.018000 ms)

AssetImportParameters requested are different than current active one (requested -> active):
  custom:framework-win-MediaFoundation: 216162199b28c13a410421893ffa2e32 -> 
  custom:video-decoder-ogg-theora: a1e56fd34408186e4bbccfd4996cb3dc -> 
  custom:container-muxer-webm: aa71ff27fc2769a1b78a27578f13a17b -> 
  custom:container-demuxer-webm: 4f35f7cbe854078d1ac9338744f61a02 -> 
  custom:container-demuxer-ogg: 62fdf1f143b41e24485cea50d1cbac27 -> 
  custom:video-encoder-webm-vp8: eb34c28f22e8b96e1ab97ce403110664 -> 
  custom:video-decoder-webm-vp8: 9c59270c3fd7afecdb556c50c9e8de78 -> 
  custom:graphics/normal-map-encoding: 01000000000000000000000000000000 -> 02000000000000000000000000000000
  custom:audio-decoder-ogg-vorbis: bf7c407c2cedff20999df2af8eb42d56 -> 
  custom:audio-encoder-webm-vorbis: bf7c407c2cedff20999df2af8eb42d56 -> 
AssetImportWorkerClient::OnTransportError - code=2 error=End of file
